2024-05-27 16:51:12 - You select: /home/youmna/Documents/study/M2/S4/PFE/code/detection-app
2024-05-27 16:51:12 - Out folder: /home/youmna/Documents/study/M2/S4/PFE/code/detection-app
2024-05-27 16:53:03 - You select: /home/youmna/Documents/study/M2/S4/PFE/code/detection-app
2024-05-27 16:53:03 - Out folder: /home/youmna/Documents/study/M2/S4/PFE/code/detection-app
2024-05-27 16:56:28 - You select: /home/youmna/Documents/study/M2/S4/PFE/code/detection-app
2024-05-27 16:56:28 - Out folder: /home/youmna/Documents/study/M2/S4/PFE/code/detection-app
2024-05-27 16:58:18 - You select: /home/youmna/Documents/study/M2/S4/PFE/code/detection-app
2024-05-27 16:58:18 - Out folder: /home/youmna/Documents/study/M2/S4/PFE/code/detection-app
2024-05-27 16:59:23 - The pcap file or folder does not exist! -> detection-app
2024-05-27 17:00:47 - You select: pcaps
2024-05-27 17:00:47 - Out folder: pcaps
2024-05-27 17:12:20 - You select: pcaps
2024-05-27 17:12:20 - Out folder: pcaps
2024-05-27 17:17:09 - You select: pcaps
2024-05-27 17:17:09 - Out folder: pcaps
2024-05-27 17:29:02 - You select: pcaps
2024-05-27 17:29:02 - Out folder: pcaps
2024-05-27 17:31:31 - You select: pcaps
2024-05-27 17:31:31 - Out folder: pcaps
2024-05-27 17:31:54 - You select: pcaps
2024-05-27 17:31:54 - Out folder: pcaps
2024-05-28 09:47:29 - You select: pcaps/test0.pcap
2024-05-28 09:47:29 - Out folder: pcaps
2024-05-28 09:47:30 - CICFlowMeter received 1 pcap file
2024-05-28 09:48:15 - You select: pcaps/test0.pcap
2024-05-28 09:48:15 - Out folder: pcaps
2024-05-28 09:48:17 - CICFlowMeter received 1 pcap file
